<?xml version="1.0" encoding="UTF-8"?>
<!-- Generated by org.testng.reporters.JUnitReportReporter -->
<testsuite hostname="LT2566" failures="0" tests="213" name="testCases.LoginPageTest" time="16244.148" errors="2" timestamp="2023-09-15T00:22:12 IST" skipped="108">
  <testcase classname="testCases.LoginPageTest" name="runnerMethod" time="10.058">
    <skipped/>
  </testcase> <!-- runnerMethod -->
  <system-out/>
  <testcase classname="testCases.LoginPageTest" name="runnerMethod" time="10.016">
    <skipped/>
  </testcase> <!-- runnerMethod -->
  <system-out/>
  <testcase classname="testCases.LoginPageTest" name="runnerMethod" time="171.666"/>
  <system-out/>
  <testcase classname="testCases.LoginPageTest" name="runnerMethod" time="127.729"/>
  <system-out/>
  <testcase classname="testCases.LoginPageTest" name="runnerMethod" time="10.037">
    <skipped/>
  </testcase> <!-- runnerMethod -->
  <system-out/>
  <testcase classname="testCases.LoginPageTest" name="runnerMethod" time="130.973"/>
  <system-out/>
  <testcase classname="testCases.LoginPageTest" name="runnerMethod" time="128.610"/>
  <system-out/>
  <testcase classname="testCases.LoginPageTest" name="runnerMethod" time="10.031">
    <skipped/>
  </testcase> <!-- runnerMethod -->
  <system-out/>
  <testcase classname="testCases.LoginPageTest" name="runnerMethod" time="10.054">
    <skipped/>
  </testcase> <!-- runnerMethod -->
  <system-out/>
  <testcase classname="testCases.LoginPageTest" name="runnerMethod" time="130.055"/>
  <system-out/>
  <testcase classname="testCases.LoginPageTest" name="runnerMethod" time="10.066">
    <skipped/>
  </testcase> <!-- runnerMethod -->
  <system-out/>
  <testcase classname="testCases.LoginPageTest" name="runnerMethod" time="10.010">
    <skipped/>
  </testcase> <!-- runnerMethod -->
  <system-out/>
  <testcase classname="testCases.LoginPageTest" name="runnerMethod" time="137.945"/>
  <system-out/>
  <testcase classname="testCases.LoginPageTest" name="runnerMethod" time="10.045">
    <skipped/>
  </testcase> <!-- runnerMethod -->
  <system-out/>
  <testcase classname="testCases.LoginPageTest" name="runnerMethod" time="133.920"/>
  <system-out/>
  <testcase classname="testCases.LoginPageTest" name="runnerMethod" time="10.010">
    <skipped/>
  </testcase> <!-- runnerMethod -->
  <system-out/>
  <testcase classname="testCases.LoginPageTest" name="runnerMethod" time="10.070">
    <skipped/>
  </testcase> <!-- runnerMethod -->
  <system-out/>
  <testcase classname="testCases.LoginPageTest" name="runnerMethod" time="128.196"/>
  <system-out/>
  <testcase classname="testCases.LoginPageTest" name="runnerMethod" time="245.989"/>
  <system-out/>
  <testcase classname="testCases.LoginPageTest" name="runnerMethod" time="10.042">
    <skipped/>
  </testcase> <!-- runnerMethod -->
  <system-out/>
  <testcase classname="testCases.LoginPageTest" name="runnerMethod" time="10.026">
    <skipped/>
  </testcase> <!-- runnerMethod -->
  <system-out/>
  <testcase classname="testCases.LoginPageTest" name="runnerMethod" time="10.008">
    <skipped/>
  </testcase> <!-- runnerMethod -->
  <system-out/>
  <testcase classname="testCases.LoginPageTest" name="runnerMethod" time="131.191"/>
  <system-out/>
  <testcase classname="testCases.LoginPageTest" name="runnerMethod" time="130.242"/>
  <system-out/>
  <testcase classname="testCases.LoginPageTest" name="runnerMethod" time="10.035">
    <skipped/>
  </testcase> <!-- runnerMethod -->
  <system-out/>
  <testcase classname="testCases.LoginPageTest" name="runnerMethod" time="126.009"/>
  <system-out/>
  <testcase classname="testCases.LoginPageTest" name="runnerMethod" time="10.047">
    <skipped/>
  </testcase> <!-- runnerMethod -->
  <system-out/>
  <testcase classname="testCases.LoginPageTest" name="runnerMethod" time="129.097"/>
  <system-out/>
  <testcase classname="testCases.LoginPageTest" name="runnerMethod" time="10.066">
    <skipped/>
  </testcase> <!-- runnerMethod -->
  <system-out/>
  <testcase classname="testCases.LoginPageTest" name="runnerMethod" time="10.020">
    <skipped/>
  </testcase> <!-- runnerMethod -->
  <system-out/>
  <testcase classname="testCases.LoginPageTest" name="runnerMethod" time="128.439"/>
  <system-out/>
  <testcase classname="testCases.LoginPageTest" name="runnerMethod" time="10.062">
    <skipped/>
  </testcase> <!-- runnerMethod -->
  <system-out/>
  <testcase classname="testCases.LoginPageTest" name="runnerMethod" time="10.041">
    <skipped/>
  </testcase> <!-- runnerMethod -->
  <system-out/>
  <testcase classname="testCases.LoginPageTest" name="runnerMethod" time="10.013">
    <skipped/>
  </testcase> <!-- runnerMethod -->
  <system-out/>
  <testcase classname="testCases.LoginPageTest" name="runnerMethod" time="134.427"/>
  <system-out/>
  <testcase classname="testCases.LoginPageTest" name="runnerMethod" time="10.015">
    <skipped/>
  </testcase> <!-- runnerMethod -->
  <system-out/>
  <testcase classname="testCases.LoginPageTest" name="runnerMethod" time="10.049">
    <skipped/>
  </testcase> <!-- runnerMethod -->
  <system-out/>
  <testcase classname="testCases.LoginPageTest" name="runnerMethod" time="10.049">
    <skipped/>
  </testcase> <!-- runnerMethod -->
  <system-out/>
  <testcase classname="testCases.LoginPageTest" name="runnerMethod" time="10.040">
    <skipped/>
  </testcase> <!-- runnerMethod -->
  <system-out/>
  <testcase classname="testCases.LoginPageTest" name="runnerMethod" time="128.002"/>
  <system-out/>
  <testcase classname="testCases.LoginPageTest" name="runnerMethod" time="131.726"/>
  <system-out/>
  <testcase classname="testCases.LoginPageTest" name="runnerMethod" time="129.952"/>
  <system-out/>
  <testcase classname="testCases.LoginPageTest" name="runnerMethod" time="128.219"/>
  <system-out/>
  <testcase classname="testCases.LoginPageTest" name="runnerMethod" time="10.044">
    <skipped/>
  </testcase> <!-- runnerMethod -->
  <system-out/>
  <testcase classname="testCases.LoginPageTest" name="runnerMethod" time="10.049">
    <skipped/>
  </testcase> <!-- runnerMethod -->
  <system-out/>
  <testcase classname="testCases.LoginPageTest" name="runnerMethod" time="128.310"/>
  <system-out/>
  <testcase classname="testCases.LoginPageTest" name="runnerMethod" time="10.027">
    <skipped/>
  </testcase> <!-- runnerMethod -->
  <system-out/>
  <testcase classname="testCases.LoginPageTest" name="runnerMethod" time="10.029">
    <skipped/>
  </testcase> <!-- runnerMethod -->
  <system-out/>
  <testcase classname="testCases.LoginPageTest" name="runnerMethod" time="10.063">
    <skipped/>
  </testcase> <!-- runnerMethod -->
  <system-out/>
  <testcase classname="testCases.LoginPageTest" name="runnerMethod" time="128.748"/>
  <system-out/>
  <testcase classname="testCases.LoginPageTest" name="runnerMethod" time="143.659"/>
  <system-out/>
  <testcase classname="testCases.LoginPageTest" name="runnerMethod" time="132.298"/>
  <system-out/>
  <testcase classname="testCases.LoginPageTest" name="runnerMethod" time="10.031">
    <skipped/>
  </testcase> <!-- runnerMethod -->
  <system-out/>
  <testcase classname="testCases.LoginPageTest" name="runnerMethod" time="10.071">
    <skipped/>
  </testcase> <!-- runnerMethod -->
  <system-out/>
  <testcase classname="testCases.LoginPageTest" name="runnerMethod" time="10.060">
    <skipped/>
  </testcase> <!-- runnerMethod -->
  <system-out/>
  <testcase classname="testCases.LoginPageTest" name="runnerMethod" time="213.671">
    <skipped/>
  </testcase> <!-- runnerMethod -->
  <system-out/>
  <testcase classname="testCases.LoginPageTest" name="runnerMethod" time="10.065">
    <skipped/>
  </testcase> <!-- runnerMethod -->
  <system-out/>
  <testcase classname="testCases.LoginPageTest" name="runnerMethod" time="209.462">
    <error message="Cannot invoke &quot;Object.toString()&quot; because the return value of &quot;java.util.Map.get(Object)&quot; is null" type="java.lang.NullPointerException">
      <![CDATA[java.lang.NullPointerException: Cannot invoke "Object.toString()" because the return value of "java.util.Map.get(Object)" is null
at testCases.BR_ProductTest.getBRProductData(BR_ProductTest.java:75)
at testCases.LocationPageTest.locationPage(LocationPageTest.java:461)
at testCases.LoginPageTest.runnerMethod(LoginPageTest.java:53)
at jdk.internal.reflect.GeneratedMethodAccessor13.invoke(Unknown Source)
at java.base/jdk.internal.reflect.DelegatingMethodAccessorImpl.invoke(DelegatingMethodAccessorImpl.java:43)
at java.base/java.lang.reflect.Method.invoke(Method.java:568)
at org.testng.internal.MethodInvocationHelper.invokeMethod(MethodInvocationHelper.java:133)
at org.testng.internal.TestInvoker.invokeMethod(TestInvoker.java:598)
at org.testng.internal.TestInvoker.retryFailed(TestInvoker.java:213)
at org.testng.internal.MethodRunner.runInSequence(MethodRunner.java:58)
at org.testng.internal.TestInvoker$MethodInvocationAgent.invoke(TestInvoker.java:824)
at org.testng.internal.TestInvoker.invokeTestMethods(TestInvoker.java:146)
at org.testng.internal.TestMethodWorker.invokeTestMethods(TestMethodWorker.java:146)
at org.testng.internal.TestMethodWorker.run(TestMethodWorker.java:128)
at java.base/java.util.ArrayList.forEach(ArrayList.java:1511)
at org.testng.TestRunner.privateRun(TestRunner.java:794)
at org.testng.TestRunner.run(TestRunner.java:596)
at org.testng.SuiteRunner.runTest(SuiteRunner.java:377)
at org.testng.SuiteRunner.runSequentially(SuiteRunner.java:371)
at org.testng.SuiteRunner.privateRun(SuiteRunner.java:332)
at org.testng.SuiteRunner.run(SuiteRunner.java:276)
at org.testng.SuiteRunnerWorker.runSuite(SuiteRunnerWorker.java:53)
at org.testng.SuiteRunnerWorker.run(SuiteRunnerWorker.java:96)
at org.testng.TestNG.runSuitesSequentially(TestNG.java:1212)
at org.testng.TestNG.runSuitesLocally(TestNG.java:1134)
at org.testng.TestNG.runSuites(TestNG.java:1063)
at org.testng.TestNG.run(TestNG.java:1031)
at org.testng.remote.AbstractRemoteTestNG.run(AbstractRemoteTestNG.java:115)
at org.testng.remote.RemoteTestNG.initAndRun(RemoteTestNG.java:251)
at org.testng.remote.RemoteTestNG.main(RemoteTestNG.java:77)
]]>
    </error>
  </testcase> <!-- runnerMethod -->
  <system-out/>
  <testcase classname="testCases.LoginPageTest" name="runnerMethod" time="130.589"/>
  <system-out/>
  <testcase classname="testCases.LoginPageTest" name="runnerMethod" time="131.168"/>
  <system-out/>
  <testcase classname="testCases.LoginPageTest" name="runnerMethod" time="9.998">
    <skipped/>
  </testcase> <!-- runnerMethod -->
  <system-out/>
  <testcase classname="testCases.LoginPageTest" name="runnerMethod" time="131.365"/>
  <system-out/>
  <testcase classname="testCases.LoginPageTest" name="runnerMethod" time="131.354"/>
  <system-out/>
  <testcase classname="testCases.LoginPageTest" name="runnerMethod" time="266.653"/>
  <system-out/>
  <testcase classname="testCases.LoginPageTest" name="runnerMethod" time="130.812"/>
  <system-out/>
  <testcase classname="testCases.LoginPageTest" name="runnerMethod" time="134.386"/>
  <system-out/>
  <testcase classname="testCases.LoginPageTest" name="runnerMethod" time="10.052">
    <skipped/>
  </testcase> <!-- runnerMethod -->
  <system-out/>
  <testcase classname="testCases.LoginPageTest" name="runnerMethod" time="135.458"/>
  <system-out/>
  <testcase classname="testCases.LoginPageTest" name="runnerMethod" time="10.065">
    <skipped/>
  </testcase> <!-- runnerMethod -->
  <system-out/>
  <testcase classname="testCases.LoginPageTest" name="runnerMethod" time="9.999">
    <skipped/>
  </testcase> <!-- runnerMethod -->
  <system-out/>
  <testcase classname="testCases.LoginPageTest" name="runnerMethod" time="10.043">
    <skipped/>
  </testcase> <!-- runnerMethod -->
  <system-out/>
  <testcase classname="testCases.LoginPageTest" name="runnerMethod" time="10.034">
    <skipped/>
  </testcase> <!-- runnerMethod -->
  <system-out/>
  <testcase classname="testCases.LoginPageTest" name="runnerMethod" time="9.995">
    <skipped/>
  </testcase> <!-- runnerMethod -->
  <system-out/>
  <testcase classname="testCases.LoginPageTest" name="runnerMethod" time="129.255"/>
  <system-out/>
  <testcase classname="testCases.LoginPageTest" name="runnerMethod" time="10.047">
    <skipped/>
  </testcase> <!-- runnerMethod -->
  <system-out/>
  <testcase classname="testCases.LoginPageTest" name="runnerMethod" time="132.386"/>
  <system-out/>
  <testcase classname="testCases.LoginPageTest" name="runnerMethod" time="10.067">
    <skipped/>
  </testcase> <!-- runnerMethod -->
  <system-out/>
  <testcase classname="testCases.LoginPageTest" name="runnerMethod" time="131.099"/>
  <system-out/>
  <testcase classname="testCases.LoginPageTest" name="runnerMethod" time="10.036">
    <skipped/>
  </testcase> <!-- runnerMethod -->
  <system-out/>
  <testcase classname="testCases.LoginPageTest" name="runnerMethod" time="132.271"/>
  <system-out/>
  <testcase classname="testCases.LoginPageTest" name="runnerMethod" time="135.186"/>
  <system-out/>
  <testcase classname="testCases.LoginPageTest" name="runnerMethod" time="141.917"/>
  <system-out/>
  <testcase classname="testCases.LoginPageTest" name="runnerMethod" time="128.121"/>
  <system-out/>
  <testcase classname="testCases.LoginPageTest" name="runnerMethod" time="137.107"/>
  <system-out/>
  <testcase classname="testCases.LoginPageTest" name="runnerMethod" time="10.046">
    <skipped/>
  </testcase> <!-- runnerMethod -->
  <system-out/>
  <testcase classname="testCases.LoginPageTest" name="runnerMethod" time="10.060">
    <skipped/>
  </testcase> <!-- runnerMethod -->
  <system-out/>
  <testcase classname="testCases.LoginPageTest" name="runnerMethod" time="10.052">
    <skipped/>
  </testcase> <!-- runnerMethod -->
  <system-out/>
  <testcase classname="testCases.LoginPageTest" name="runnerMethod" time="10.026">
    <skipped/>
  </testcase> <!-- runnerMethod -->
  <system-out/>
  <testcase classname="testCases.LoginPageTest" name="runnerMethod" time="133.610"/>
  <system-out/>
  <testcase classname="testCases.LoginPageTest" name="runnerMethod" time="130.055"/>
  <system-out/>
  <testcase classname="testCases.LoginPageTest" name="runnerMethod" time="10.042">
    <skipped/>
  </testcase> <!-- runnerMethod -->
  <system-out/>
  <testcase classname="testCases.LoginPageTest" name="runnerMethod" time="10.036">
    <skipped/>
  </testcase> <!-- runnerMethod -->
  <system-out/>
  <testcase classname="testCases.LoginPageTest" name="runnerMethod" time="10.075">
    <skipped/>
  </testcase> <!-- runnerMethod -->
  <system-out/>
  <testcase classname="testCases.LoginPageTest" name="runnerMethod" time="10.029">
    <skipped/>
  </testcase> <!-- runnerMethod -->
  <system-out/>
  <testcase classname="testCases.LoginPageTest" name="runnerMethod" time="126.525"/>
  <system-out/>
  <testcase classname="testCases.LoginPageTest" name="runnerMethod" time="10.007">
    <skipped/>
  </testcase> <!-- runnerMethod -->
  <system-out/>
  <testcase classname="testCases.LoginPageTest" name="runnerMethod" time="131.679"/>
  <system-out/>
  <testcase classname="testCases.LoginPageTest" name="runnerMethod" time="137.929"/>
  <system-out/>
  <testcase classname="testCases.LoginPageTest" name="runnerMethod" time="128.627"/>
  <system-out/>
  <testcase classname="testCases.LoginPageTest" name="runnerMethod" time="129.266"/>
  <system-out/>
  <testcase classname="testCases.LoginPageTest" name="runnerMethod" time="127.203"/>
  <system-out/>
  <testcase classname="testCases.LoginPageTest" name="runnerMethod" time="132.205"/>
  <system-out/>
  <testcase classname="testCases.LoginPageTest" name="runnerMethod" time="134.145"/>
  <system-out/>
  <testcase classname="testCases.LoginPageTest" name="runnerMethod" time="131.367"/>
  <system-out/>
  <testcase classname="testCases.LoginPageTest" name="runnerMethod" time="10.075">
    <skipped/>
  </testcase> <!-- runnerMethod -->
  <system-out/>
  <testcase classname="testCases.LoginPageTest" name="runnerMethod" time="10.059">
    <skipped/>
  </testcase> <!-- runnerMethod -->
  <system-out/>
  <testcase classname="testCases.LoginPageTest" name="runnerMethod" time="10.017">
    <skipped/>
  </testcase> <!-- runnerMethod -->
  <system-out/>
  <testcase classname="testCases.LoginPageTest" name="runnerMethod" time="135.251"/>
  <system-out/>
  <testcase classname="testCases.LoginPageTest" name="runnerMethod" time="10.018">
    <skipped/>
  </testcase> <!-- runnerMethod -->
  <system-out/>
  <testcase classname="testCases.LoginPageTest" name="runnerMethod" time="132.832"/>
  <system-out/>
  <testcase classname="testCases.LoginPageTest" name="runnerMethod" time="162.272"/>
  <system-out/>
  <testcase classname="testCases.LoginPageTest" name="runnerMethod" time="10.064">
    <skipped/>
  </testcase> <!-- runnerMethod -->
  <system-out/>
  <testcase classname="testCases.LoginPageTest" name="runnerMethod" time="81.446">
    <skipped/>
  </testcase> <!-- runnerMethod -->
  <system-out/>
  <testcase classname="testCases.LoginPageTest" name="runnerMethod" time="10.074">
    <skipped/>
  </testcase> <!-- runnerMethod -->
  <system-out/>
  <testcase classname="testCases.LoginPageTest" name="runnerMethod" time="127.702"/>
  <system-out/>
  <testcase classname="testCases.LoginPageTest" name="runnerMethod" time="10.066">
    <skipped/>
  </testcase> <!-- runnerMethod -->
  <system-out/>
  <testcase classname="testCases.LoginPageTest" name="runnerMethod" time="10.006">
    <skipped/>
  </testcase> <!-- runnerMethod -->
  <system-out/>
  <testcase classname="testCases.LoginPageTest" name="runnerMethod" time="10.019">
    <skipped/>
  </testcase> <!-- runnerMethod -->
  <system-out/>
  <testcase classname="testCases.LoginPageTest" name="runnerMethod" time="131.717"/>
  <system-out/>
  <testcase classname="testCases.LoginPageTest" name="runnerMethod" time="132.934"/>
  <system-out/>
  <testcase classname="testCases.LoginPageTest" name="runnerMethod" time="134.804"/>
  <system-out/>
  <testcase classname="testCases.LoginPageTest" name="runnerMethod" time="207.720">
    <error message="Cannot invoke &quot;Object.toString()&quot; because the return value of &quot;java.util.Map.get(Object)&quot; is null" type="java.lang.NullPointerException">
      <![CDATA[java.lang.NullPointerException: Cannot invoke "Object.toString()" because the return value of "java.util.Map.get(Object)" is null
at testCases.BR_ProductTest.getBRProductData(BR_ProductTest.java:75)
at testCases.LocationPageTest.locationPage(LocationPageTest.java:461)
at testCases.LoginPageTest.runnerMethod(LoginPageTest.java:53)
at jdk.internal.reflect.GeneratedMethodAccessor13.invoke(Unknown Source)
at java.base/jdk.internal.reflect.DelegatingMethodAccessorImpl.invoke(DelegatingMethodAccessorImpl.java:43)
at java.base/java.lang.reflect.Method.invoke(Method.java:568)
at org.testng.internal.MethodInvocationHelper.invokeMethod(MethodInvocationHelper.java:133)
at org.testng.internal.TestInvoker.invokeMethod(TestInvoker.java:598)
at org.testng.internal.TestInvoker.retryFailed(TestInvoker.java:213)
at org.testng.internal.MethodRunner.runInSequence(MethodRunner.java:58)
at org.testng.internal.TestInvoker$MethodInvocationAgent.invoke(TestInvoker.java:824)
at org.testng.internal.TestInvoker.invokeTestMethods(TestInvoker.java:146)
at org.testng.internal.TestMethodWorker.invokeTestMethods(TestMethodWorker.java:146)
at org.testng.internal.TestMethodWorker.run(TestMethodWorker.java:128)
at java.base/java.util.ArrayList.forEach(ArrayList.java:1511)
at org.testng.TestRunner.privateRun(TestRunner.java:794)
at org.testng.TestRunner.run(TestRunner.java:596)
at org.testng.SuiteRunner.runTest(SuiteRunner.java:377)
at org.testng.SuiteRunner.runSequentially(SuiteRunner.java:371)
at org.testng.SuiteRunner.privateRun(SuiteRunner.java:332)
at org.testng.SuiteRunner.run(SuiteRunner.java:276)
at org.testng.SuiteRunnerWorker.runSuite(SuiteRunnerWorker.java:53)
at org.testng.SuiteRunnerWorker.run(SuiteRunnerWorker.java:96)
at org.testng.TestNG.runSuitesSequentially(TestNG.java:1212)
at org.testng.TestNG.runSuitesLocally(TestNG.java:1134)
at org.testng.TestNG.runSuites(TestNG.java:1063)
at org.testng.TestNG.run(TestNG.java:1031)
at org.testng.remote.AbstractRemoteTestNG.run(AbstractRemoteTestNG.java:115)
at org.testng.remote.RemoteTestNG.initAndRun(RemoteTestNG.java:251)
at org.testng.remote.RemoteTestNG.main(RemoteTestNG.java:77)
]]>
    </error>
  </testcase> <!-- runnerMethod -->
  <system-out/>
  <testcase classname="testCases.LoginPageTest" name="runnerMethod" time="10.002">
    <skipped/>
  </testcase> <!-- runnerMethod -->
  <system-out/>
  <testcase classname="testCases.LoginPageTest" name="runnerMethod" time="10.081">
    <skipped/>
  </testcase> <!-- runnerMethod -->
  <system-out/>
  <testcase classname="testCases.LoginPageTest" name="runnerMethod" time="10.052">
    <skipped/>
  </testcase> <!-- runnerMethod -->
  <system-out/>
  <testcase classname="testCases.LoginPageTest" name="runnerMethod" time="10.042">
    <skipped/>
  </testcase> <!-- runnerMethod -->
  <system-out/>
  <testcase classname="testCases.LoginPageTest" name="runnerMethod" time="10.054">
    <skipped/>
  </testcase> <!-- runnerMethod -->
  <system-out/>
  <testcase classname="testCases.LoginPageTest" name="runnerMethod" time="209.235">
    <skipped/>
  </testcase> <!-- runnerMethod -->
  <system-out/>
  <testcase classname="testCases.LoginPageTest" name="runnerMethod" time="10.042">
    <skipped/>
  </testcase> <!-- runnerMethod -->
  <system-out/>
  <testcase classname="testCases.LoginPageTest" name="runnerMethod" time="133.623"/>
  <system-out/>
  <testcase classname="testCases.LoginPageTest" name="runnerMethod" time="130.491"/>
  <system-out/>
  <testcase classname="testCases.LoginPageTest" name="runnerMethod" time="10.047">
    <skipped/>
  </testcase> <!-- runnerMethod -->
  <system-out/>
  <testcase classname="testCases.LoginPageTest" name="runnerMethod" time="10.057">
    <skipped/>
  </testcase> <!-- runnerMethod -->
  <system-out/>
  <testcase classname="testCases.LoginPageTest" name="runnerMethod" time="10.030">
    <skipped/>
  </testcase> <!-- runnerMethod -->
  <system-out/>
  <testcase classname="testCases.LoginPageTest" name="runnerMethod" time="127.148"/>
  <system-out/>
  <testcase classname="testCases.LoginPageTest" name="runnerMethod" time="80.537">
    <skipped/>
  </testcase> <!-- runnerMethod -->
  <system-out/>
  <testcase classname="testCases.LoginPageTest" name="runnerMethod" time="10.046">
    <skipped/>
  </testcase> <!-- runnerMethod -->
  <system-out/>
  <testcase classname="testCases.LoginPageTest" name="runnerMethod" time="138.863"/>
  <system-out/>
  <testcase classname="testCases.LoginPageTest" name="runnerMethod" time="10.087">
    <skipped/>
  </testcase> <!-- runnerMethod -->
  <system-out/>
  <testcase classname="testCases.LoginPageTest" name="runnerMethod" time="81.846">
    <skipped/>
  </testcase> <!-- runnerMethod -->
  <system-out/>
  <testcase classname="testCases.LoginPageTest" name="runnerMethod" time="10.044">
    <skipped/>
  </testcase> <!-- runnerMethod -->
  <system-out/>
  <testcase classname="testCases.LoginPageTest" name="runnerMethod" time="128.278"/>
  <system-out/>
  <testcase classname="testCases.LoginPageTest" name="runnerMethod" time="10.052">
    <skipped/>
  </testcase> <!-- runnerMethod -->
  <system-out/>
  <testcase classname="testCases.LoginPageTest" name="runnerMethod" time="128.541"/>
  <system-out/>
  <testcase classname="testCases.LoginPageTest" name="runnerMethod" time="10.011">
    <skipped/>
  </testcase> <!-- runnerMethod -->
  <system-out/>
  <testcase classname="testCases.LoginPageTest" name="runnerMethod" time="128.047"/>
  <system-out/>
  <testcase classname="testCases.LoginPageTest" name="runnerMethod" time="132.109"/>
  <system-out/>
  <testcase classname="testCases.LoginPageTest" name="runnerMethod" time="10.034">
    <skipped/>
  </testcase> <!-- runnerMethod -->
  <system-out/>
  <testcase classname="testCases.LoginPageTest" name="runnerMethod" time="128.750"/>
  <system-out/>
  <testcase classname="testCases.LoginPageTest" name="runnerMethod" time="10.045">
    <skipped/>
  </testcase> <!-- runnerMethod -->
  <system-out/>
  <testcase classname="testCases.LoginPageTest" name="runnerMethod" time="131.201"/>
  <system-out/>
  <testcase classname="testCases.LoginPageTest" name="runnerMethod" time="124.917"/>
  <system-out/>
  <testcase classname="testCases.LoginPageTest" name="runnerMethod" time="81.011">
    <skipped/>
  </testcase> <!-- runnerMethod -->
  <system-out/>
  <testcase classname="testCases.LoginPageTest" name="runnerMethod" time="10.025">
    <skipped/>
  </testcase> <!-- runnerMethod -->
  <system-out/>
  <testcase classname="testCases.LoginPageTest" name="runnerMethod" time="10.070">
    <skipped/>
  </testcase> <!-- runnerMethod -->
  <system-out/>
  <testcase classname="testCases.LoginPageTest" name="runnerMethod" time="10.053">
    <skipped/>
  </testcase> <!-- runnerMethod -->
  <system-out/>
  <testcase classname="testCases.LoginPageTest" name="runnerMethod" time="128.061"/>
  <system-out/>
  <testcase classname="testCases.LoginPageTest" name="runnerMethod" time="10.057">
    <skipped/>
  </testcase> <!-- runnerMethod -->
  <system-out/>
  <testcase classname="testCases.LoginPageTest" name="runnerMethod" time="134.240"/>
  <system-out/>
  <testcase classname="testCases.LoginPageTest" name="runnerMethod" time="131.114"/>
  <system-out/>
  <testcase classname="testCases.LoginPageTest" name="runnerMethod" time="128.020"/>
  <system-out/>
  <testcase classname="testCases.LoginPageTest" name="runnerMethod" time="10.010">
    <skipped/>
  </testcase> <!-- runnerMethod -->
  <system-out/>
  <testcase classname="testCases.LoginPageTest" name="runnerMethod" time="10.057">
    <skipped/>
  </testcase> <!-- runnerMethod -->
  <system-out/>
  <testcase classname="testCases.LoginPageTest" name="runnerMethod" time="10.021">
    <skipped/>
  </testcase> <!-- runnerMethod -->
  <system-out/>
  <testcase classname="testCases.LoginPageTest" name="runnerMethod" time="10.033">
    <skipped/>
  </testcase> <!-- runnerMethod -->
  <system-out/>
  <testcase classname="testCases.LoginPageTest" name="runnerMethod" time="156.118"/>
  <system-out/>
  <testcase classname="testCases.LoginPageTest" name="runnerMethod" time="133.947"/>
  <system-out/>
  <testcase classname="testCases.LoginPageTest" name="runnerMethod" time="10.023">
    <skipped/>
  </testcase> <!-- runnerMethod -->
  <system-out/>
  <testcase classname="testCases.LoginPageTest" name="runnerMethod" time="10.037">
    <skipped/>
  </testcase> <!-- runnerMethod -->
  <system-out/>
  <testcase classname="testCases.LoginPageTest" name="runnerMethod" time="129.810"/>
  <system-out/>
  <testcase classname="testCases.LoginPageTest" name="runnerMethod" time="127.046"/>
  <system-out/>
  <testcase classname="testCases.LoginPageTest" name="runnerMethod" time="131.052"/>
  <system-out/>
  <testcase classname="testCases.LoginPageTest" name="runnerMethod" time="132.732"/>
  <system-out/>
  <testcase classname="testCases.LoginPageTest" name="runnerMethod" time="245.741"/>
  <system-out/>
  <testcase classname="testCases.LoginPageTest" name="runnerMethod" time="10.025">
    <skipped/>
  </testcase> <!-- runnerMethod -->
  <system-out/>
  <testcase classname="testCases.LoginPageTest" name="runnerMethod" time="10.044">
    <skipped/>
  </testcase> <!-- runnerMethod -->
  <system-out/>
  <testcase classname="testCases.LoginPageTest" name="runnerMethod" time="131.839"/>
  <system-out/>
  <testcase classname="testCases.LoginPageTest" name="runnerMethod" time="134.462"/>
  <system-out/>
  <testcase classname="testCases.LoginPageTest" name="runnerMethod" time="126.688"/>
  <system-out/>
  <testcase classname="testCases.LoginPageTest" name="runnerMethod" time="129.556"/>
  <system-out/>
  <testcase classname="testCases.LoginPageTest" name="runnerMethod" time="10.043">
    <skipped/>
  </testcase> <!-- runnerMethod -->
  <system-out/>
  <testcase classname="testCases.LoginPageTest" name="runnerMethod" time="10.029">
    <skipped/>
  </testcase> <!-- runnerMethod -->
  <system-out/>
  <testcase classname="testCases.LoginPageTest" name="runnerMethod" time="10.051">
    <skipped/>
  </testcase> <!-- runnerMethod -->
  <system-out/>
  <testcase classname="testCases.LoginPageTest" name="runnerMethod" time="129.406"/>
  <system-out/>
  <testcase classname="testCases.LoginPageTest" name="runnerMethod" time="131.580"/>
  <system-out/>
  <testcase classname="testCases.LoginPageTest" name="runnerMethod" time="10.064">
    <skipped/>
  </testcase> <!-- runnerMethod -->
  <system-out/>
  <testcase classname="testCases.LoginPageTest" name="runnerMethod" time="10.025">
    <skipped/>
  </testcase> <!-- runnerMethod -->
  <system-out/>
  <testcase classname="testCases.LoginPageTest" name="runnerMethod" time="137.239"/>
  <system-out/>
  <testcase classname="testCases.LoginPageTest" name="runnerMethod" time="149.600"/>
  <system-out/>
  <testcase classname="testCases.LoginPageTest" name="runnerMethod" time="128.288"/>
  <system-out/>
  <testcase classname="testCases.LoginPageTest" name="runnerMethod" time="131.308"/>
  <system-out/>
  <testcase classname="testCases.LoginPageTest" name="runnerMethod" time="10.032">
    <skipped/>
  </testcase> <!-- runnerMethod -->
  <system-out/>
  <testcase classname="testCases.LoginPageTest" name="runnerMethod" time="10.041">
    <skipped/>
  </testcase> <!-- runnerMethod -->
  <system-out/>
  <testcase classname="testCases.LoginPageTest" name="runnerMethod" time="126.479"/>
  <system-out/>
  <testcase classname="testCases.LoginPageTest" name="runnerMethod" time="132.379"/>
  <system-out/>
  <testcase classname="testCases.LoginPageTest" name="runnerMethod" time="131.956"/>
  <system-out/>
  <testcase classname="testCases.LoginPageTest" name="runnerMethod" time="131.233"/>
  <system-out/>
  <testcase classname="testCases.LoginPageTest" name="runnerMethod" time="133.378"/>
  <system-out/>
  <testcase classname="testCases.LoginPageTest" name="runnerMethod" time="10.049">
    <skipped/>
  </testcase> <!-- runnerMethod -->
  <system-out/>
  <testcase classname="testCases.LoginPageTest" name="runnerMethod" time="127.182"/>
  <system-out/>
  <testcase classname="testCases.LoginPageTest" name="runnerMethod" time="138.004"/>
  <system-out/>
  <testcase classname="testCases.LoginPageTest" name="runnerMethod" time="156.914"/>
  <system-out/>
  <testcase classname="testCases.LoginPageTest" name="runnerMethod" time="130.720"/>
  <system-out/>
  <testcase classname="testCases.LoginPageTest" name="runnerMethod" time="10.017">
    <skipped/>
  </testcase> <!-- runnerMethod -->
  <system-out/>
  <testcase classname="testCases.LoginPageTest" name="runnerMethod" time="10.056">
    <skipped/>
  </testcase> <!-- runnerMethod -->
  <system-out/>
  <testcase classname="testCases.LoginPageTest" name="runnerMethod" time="156.411"/>
  <system-out/>
  <testcase classname="testCases.LoginPageTest" name="runnerMethod" time="132.890"/>
  <system-out/>
  <testcase classname="testCases.LoginPageTest" name="runnerMethod" time="127.994"/>
  <system-out/>
  <testcase classname="testCases.LoginPageTest" name="runnerMethod" time="128.331"/>
  <system-out/>
  <testcase classname="testCases.LoginPageTest" name="runnerMethod" time="136.736"/>
  <system-out/>
  <testcase classname="testCases.LoginPageTest" name="runnerMethod" time="10.038">
    <skipped/>
  </testcase> <!-- runnerMethod -->
  <system-out/>
  <testcase classname="testCases.LoginPageTest" name="runnerMethod" time="10.017">
    <skipped/>
  </testcase> <!-- runnerMethod -->
  <system-out/>
  <testcase classname="testCases.LoginPageTest" name="runnerMethod" time="10.047">
    <skipped/>
  </testcase> <!-- runnerMethod -->
  <system-out/>
</testsuite> <!-- testCases.LoginPageTest -->
