<?xml version="1.0" encoding="UTF-8"?>
<!-- Generated by org.testng.reporters.JUnitReportReporter -->
<testsuite skipped="0" hostname="LT0097" name="testCases.InsuredPage" tests="1" failures="0" timestamp="2022-08-25T11:18:28 IST" time="12.383" errors="0">
  <testcase name="getInsuredDEtails" time="12.383" classname="testCases.InsuredPage"/>
  <system-out/>
</testsuite> <!-- testCases.InsuredPage -->
