<?xml version="1.0" encoding="UTF-8"?>
<!-- Generated by org.testng.reporters.JUnitReportReporter -->
<testsuite skipped="0" hostname="LT0097" name="testCases.LoginPage" tests="1" failures="0" timestamp="2022-08-25T11:18:28 IST" time="2.777" errors="0">
  <testcase name="loginToRSGApp" time="2.777" classname="testCases.LoginPage"/>
  <system-out/>
</testsuite> <!-- testCases.LoginPage -->
