<?xml version="1.0" encoding="UTF-8"?>
<!-- Generated by org.testng.reporters.JUnitReportReporter -->
<testsuite skipped="0" hostname="LT0097" name="testCases.LoginClass" tests="1" failures="0" timestamp="2022-08-22T18:41:38 IST" time="3.810" errors="0">
  <testcase name="loginToRSGApp" time="3.810" classname="testCases.LoginClass"/>
  <system-out/>
</testsuite> <!-- testCases.LoginClass -->
