<?xml version="1.0" encoding="UTF-8"?>
<!-- Generated by org.testng.reporters.JUnitReportReporter -->
<testsuite skipped="0" hostname="LT0097" name="testCases.LocationPageTest" tests="1" failures="0" timestamp="2022-10-25T08:02:42 IST" time="85.209" errors="0">
  <testcase name="getLocationDetails" time="85.209" classname="testCases.LocationPageTest"/>
  <system-out/>
</testsuite> <!-- testCases.LocationPageTest -->
