<?xml version="1.0" encoding="UTF-8"?>
<!-- Generated by org.testng.reporters.JUnitReportReporter -->
<testsuite skipped="0" hostname="LT0097" name="testCases.AgentSearchPage" tests="1" failures="0" timestamp="2022-08-25T11:18:28 IST" time="4.307" errors="0">
  <testcase name="agentSearch" time="4.307" classname="testCases.AgentSearchPage"/>
  <system-out/>
</testsuite> <!-- testCases.AgentSearchPage -->
