<?xml version="1.0" encoding="UTF-8"?>
<!-- Generated by org.testng.reporters.JUnitReportReporter -->
<testsuite skipped="0" hostname="LT0097" name="testCases.SummaryPageTest" tests="1" failures="0" timestamp="2022-10-25T08:02:42 IST" time="29.930" errors="0">
  <testcase name="issuePolicy" time="29.930" classname="testCases.SummaryPageTest"/>
  <system-out/>
</testsuite> <!-- testCases.SummaryPageTest -->
